2025-07-03 00:02:23,494 - models - number of parameters: 1.611689e+08
2025-07-03 00:22:13,476 - root - Training, epoch 1, loss 3.32937, lr 5.995675e-04.
2025-07-03 00:23:58,408 - root - Valid, epoch 1, loss 1.17677.
2025-07-03 00:23:58,410 - root - Best epoch: 001, saving model to ./results/baltic-pos-pos_vicinity-10-40-blur-True-False-2-1.0-data_size-725-1200-30-72-embd_size-512-512-128-128-head-8-8-bs-128-lr-0.0006-seqlen-12-120/model.pt
2025-07-03 00:44:14,764 - root - Training, epoch 2, loss 0.81792, lr 5.982284e-04.
2025-07-03 00:45:59,259 - root - Valid, epoch 2, loss 0.84593.
2025-07-03 00:45:59,261 - root - Best epoch: 002, saving model to ./results/baltic-pos-pos_vicinity-10-40-blur-True-False-2-1.0-data_size-725-1200-30-72-embd_size-512-512-128-128-head-8-8-bs-128-lr-0.0006-seqlen-12-120/model.pt
2025-07-03 01:06:16,108 - root - Training, epoch 3, loss 0.58201, lr 5.959866e-04.
2025-07-03 01:08:00,666 - root - Valid, epoch 3, loss 0.66803.
2025-07-03 01:08:00,668 - root - Best epoch: 003, saving model to ./results/baltic-pos-pos_vicinity-10-40-blur-True-False-2-1.0-data_size-725-1200-30-72-embd_size-512-512-128-128-head-8-8-bs-128-lr-0.0006-seqlen-12-120/model.pt
2025-07-03 01:28:18,172 - root - Training, epoch 4, loss 0.42927, lr 5.928488e-04.
2025-07-03 01:30:02,839 - root - Valid, epoch 4, loss 0.55232.
2025-07-03 01:30:02,841 - root - Best epoch: 004, saving model to ./results/baltic-pos-pos_vicinity-10-40-blur-True-False-2-1.0-data_size-725-1200-30-72-embd_size-512-512-128-128-head-8-8-bs-128-lr-0.0006-seqlen-12-120/model.pt
2025-07-03 01:50:20,085 - root - Training, epoch 5, loss 0.31946, lr 5.888246e-04.
2025-07-03 01:52:04,702 - root - Valid, epoch 5, loss 0.47467.
2025-07-03 01:52:04,703 - root - Best epoch: 005, saving model to ./results/baltic-pos-pos_vicinity-10-40-blur-True-False-2-1.0-data_size-725-1200-30-72-embd_size-512-512-128-128-head-8-8-bs-128-lr-0.0006-seqlen-12-120/model.pt
2025-07-03 02:12:21,876 - root - Training, epoch 6, loss 0.23299, lr 5.839261e-04.
2025-07-03 02:14:05,973 - root - Valid, epoch 6, loss 0.41808.
2025-07-03 02:14:05,974 - root - Best epoch: 006, saving model to ./results/baltic-pos-pos_vicinity-10-40-blur-True-False-2-1.0-data_size-725-1200-30-72-embd_size-512-512-128-128-head-8-8-bs-128-lr-0.0006-seqlen-12-120/model.pt
2025-07-03 02:34:21,019 - root - Training, epoch 7, loss 0.15649, lr 5.781681e-04.
2025-07-03 02:36:04,875 - root - Valid, epoch 7, loss 0.37232.
2025-07-03 02:36:04,877 - root - Best epoch: 007, saving model to ./results/baltic-pos-pos_vicinity-10-40-blur-True-False-2-1.0-data_size-725-1200-30-72-embd_size-512-512-128-128-head-8-8-bs-128-lr-0.0006-seqlen-12-120/model.pt
2025-07-03 02:56:20,273 - root - Training, epoch 8, loss 0.08618, lr 5.715680e-04.
2025-07-03 02:58:04,108 - root - Valid, epoch 8, loss 0.34467.
2025-07-03 02:58:04,109 - root - Best epoch: 008, saving model to ./results/baltic-pos-pos_vicinity-10-40-blur-True-False-2-1.0-data_size-725-1200-30-72-embd_size-512-512-128-128-head-8-8-bs-128-lr-0.0006-seqlen-12-120/model.pt
2025-07-03 03:18:18,597 - root - Training, epoch 9, loss 0.02310, lr 5.641460e-04.
2025-07-03 03:20:01,948 - root - Valid, epoch 9, loss 0.32245.
2025-07-03 03:20:01,949 - root - Best epoch: 009, saving model to ./results/baltic-pos-pos_vicinity-10-40-blur-True-False-2-1.0-data_size-725-1200-30-72-embd_size-512-512-128-128-head-8-8-bs-128-lr-0.0006-seqlen-12-120/model.pt
2025-07-03 03:40:15,470 - root - Training, epoch 10, loss -0.03591, lr 5.559243e-04.
2025-07-03 03:41:58,651 - root - Valid, epoch 10, loss 0.30359.
2025-07-03 03:41:58,652 - root - Best epoch: 010, saving model to ./results/baltic-pos-pos_vicinity-10-40-blur-True-False-2-1.0-data_size-725-1200-30-72-embd_size-512-512-128-128-head-8-8-bs-128-lr-0.0006-seqlen-12-120/model.pt
2025-07-03 04:02:11,959 - root - Training, epoch 11, loss -0.08817, lr 5.469279e-04.
2025-07-03 04:03:54,894 - root - Valid, epoch 11, loss 0.29576.
2025-07-03 04:03:54,896 - root - Best epoch: 011, saving model to ./results/baltic-pos-pos_vicinity-10-40-blur-True-False-2-1.0-data_size-725-1200-30-72-embd_size-512-512-128-128-head-8-8-bs-128-lr-0.0006-seqlen-12-120/model.pt
2025-07-03 04:24:09,462 - root - Training, epoch 12, loss -0.13998, lr 5.371841e-04.
2025-07-03 04:25:52,344 - root - Valid, epoch 12, loss 0.30673.
2025-07-03 04:46:06,839 - root - Training, epoch 13, loss -0.18827, lr 5.267223e-04.
2025-07-03 04:47:49,523 - root - Valid, epoch 13, loss 0.29857.
2025-07-03 04:47:49,525 - root - Best epoch: 013, saving model to ./results/baltic-pos-pos_vicinity-10-40-blur-True-False-2-1.0-data_size-725-1200-30-72-embd_size-512-512-128-128-head-8-8-bs-128-lr-0.0006-seqlen-12-120/model.pt
2025-07-03 05:08:03,095 - root - Training, epoch 14, loss -0.23284, lr 5.155742e-04.
2025-07-03 05:09:45,750 - root - Valid, epoch 14, loss 0.30292.
2025-07-03 05:30:00,512 - root - Training, epoch 15, loss -0.27702, lr 5.037736e-04.
2025-07-03 05:31:43,098 - root - Valid, epoch 15, loss 0.30304.
2025-07-03 05:51:57,504 - root - Training, epoch 16, loss -0.31965, lr 4.913561e-04.
2025-07-03 05:53:39,724 - root - Valid, epoch 16, loss 0.31870.
2025-07-03 06:13:52,973 - root - Training, epoch 17, loss -0.36117, lr 4.783593e-04.
2025-07-03 06:15:35,299 - root - Valid, epoch 17, loss 0.32816.
2025-07-03 06:35:51,056 - root - Training, epoch 18, loss -0.40326, lr 4.648227e-04.
2025-07-03 06:37:33,616 - root - Valid, epoch 18, loss 0.33693.
2025-07-03 06:57:51,144 - root - Training, epoch 19, loss -0.44232, lr 4.507871e-04.
2025-07-03 06:59:33,711 - root - Valid, epoch 19, loss 0.35886.
2025-07-03 07:19:50,866 - root - Training, epoch 20, loss -0.48021, lr 4.362951e-04.
2025-07-03 07:21:33,349 - root - Valid, epoch 20, loss 0.37536.
2025-07-03 07:41:49,368 - root - Training, epoch 21, loss -0.51716, lr 4.213906e-04.
2025-07-03 07:43:31,879 - root - Valid, epoch 21, loss 0.38552.
2025-07-03 08:03:50,072 - root - Training, epoch 22, loss -0.55434, lr 4.061185e-04.
2025-07-03 08:05:32,534 - root - Valid, epoch 22, loss 0.39106.
2025-07-03 08:25:49,972 - root - Training, epoch 23, loss -0.59287, lr 3.905253e-04.
2025-07-03 08:27:32,211 - root - Valid, epoch 23, loss 0.41960.
2025-07-03 08:47:50,187 - root - Training, epoch 24, loss -0.62813, lr 3.746580e-04.
2025-07-03 08:49:32,367 - root - Valid, epoch 24, loss 0.44431.
2025-07-03 09:09:50,328 - root - Training, epoch 25, loss -0.66274, lr 3.585647e-04.
2025-07-03 09:11:32,436 - root - Valid, epoch 25, loss 0.47094.
2025-07-03 09:31:49,873 - root - Training, epoch 26, loss -0.69759, lr 3.422941e-04.
2025-07-03 09:33:32,092 - root - Valid, epoch 26, loss 0.49837.
2025-07-03 09:53:49,260 - root - Training, epoch 27, loss -0.73225, lr 3.258956e-04.
2025-07-03 09:55:31,360 - root - Valid, epoch 27, loss 0.52790.
2025-07-03 10:15:48,621 - root - Training, epoch 28, loss -0.76418, lr 3.094186e-04.
2025-07-03 10:17:30,620 - root - Valid, epoch 28, loss 0.53664.
2025-07-03 10:37:46,478 - root - Training, epoch 29, loss -0.79707, lr 2.929131e-04.
2025-07-03 10:39:28,067 - root - Valid, epoch 29, loss 0.58584.
2025-07-03 10:59:43,655 - root - Training, epoch 30, loss -0.82644, lr 2.764291e-04.
2025-07-03 11:01:25,194 - root - Valid, epoch 30, loss 0.60958.
2025-07-03 11:21:40,614 - root - Training, epoch 31, loss -0.85641, lr 2.600164e-04.
2025-07-03 11:23:22,065 - root - Valid, epoch 31, loss 0.61257.
2025-07-03 11:43:38,137 - root - Training, epoch 32, loss -0.88662, lr 2.437247e-04.
2025-07-03 11:45:19,652 - root - Valid, epoch 32, loss 0.65510.
2025-07-03 12:05:34,422 - root - Training, epoch 33, loss -0.91580, lr 2.276034e-04.
2025-07-03 12:07:15,890 - root - Valid, epoch 33, loss 0.69794.
2025-07-03 12:27:30,910 - root - Training, epoch 34, loss -0.94213, lr 2.117013e-04.
2025-07-03 12:29:12,081 - root - Valid, epoch 34, loss 0.73385.
2025-07-03 12:49:26,676 - root - Training, epoch 35, loss -0.96779, lr 1.960664e-04.
2025-07-03 12:51:07,853 - root - Valid, epoch 35, loss 0.74841.
2025-07-03 13:11:22,584 - root - Training, epoch 36, loss -0.99422, lr 1.807462e-04.
2025-07-03 13:13:03,678 - root - Valid, epoch 36, loss 0.78002.
2025-07-03 13:33:19,013 - root - Training, epoch 37, loss -1.02124, lr 1.657869e-04.
2025-07-03 13:35:00,192 - root - Valid, epoch 37, loss 0.80858.
2025-07-03 13:55:14,850 - root - Training, epoch 38, loss -1.04472, lr 1.512339e-04.
2025-07-03 13:56:55,832 - root - Valid, epoch 38, loss 0.83484.
2025-07-03 14:17:12,163 - root - Training, epoch 39, loss -1.06825, lr 1.371312e-04.
2025-07-03 14:18:53,119 - root - Valid, epoch 39, loss 0.85469.
2025-07-03 14:39:09,911 - root - Training, epoch 40, loss -1.09019, lr 1.235216e-04.
2025-07-03 14:40:50,835 - root - Valid, epoch 40, loss 0.90791.
2025-07-03 15:01:07,516 - root - Training, epoch 41, loss -1.11433, lr 1.104461e-04.
2025-07-03 15:02:48,657 - root - Valid, epoch 41, loss 0.95508.
2025-07-03 15:23:07,611 - root - Training, epoch 42, loss -1.13443, lr 9.794448e-05.
2025-07-03 15:24:48,648 - root - Valid, epoch 42, loss 0.96953.
2025-07-03 15:45:06,380 - root - Training, epoch 43, loss -1.15626, lr 8.605446e-05.
2025-07-03 15:46:47,284 - root - Valid, epoch 43, loss 1.00741.
2025-07-03 16:07:06,663 - root - Training, epoch 44, loss -1.17435, lr 7.481206e-05.
2025-07-03 16:08:47,746 - root - Valid, epoch 44, loss 1.04527.
2025-07-03 16:29:08,931 - root - Training, epoch 45, loss -1.19365, lr 6.425132e-05.
2025-07-03 16:30:49,953 - root - Valid, epoch 45, loss 1.06165.
2025-07-03 16:51:12,221 - root - Training, epoch 46, loss -1.21362, lr 6.000000e-05.
2025-07-03 16:52:53,282 - root - Valid, epoch 46, loss 1.10015.
2025-07-03 17:13:14,741 - root - Training, epoch 47, loss -1.23182, lr 6.000000e-05.
2025-07-03 17:14:55,715 - root - Valid, epoch 47, loss 1.12403.
2025-07-03 17:35:15,978 - root - Training, epoch 48, loss -1.24940, lr 6.000000e-05.
2025-07-03 17:36:57,021 - root - Valid, epoch 48, loss 1.16037.
2025-07-03 17:57:18,545 - root - Training, epoch 49, loss -1.26787, lr 6.000000e-05.
2025-07-03 17:58:59,603 - root - Valid, epoch 49, loss 1.18371.
2025-07-03 18:19:22,696 - root - Training, epoch 50, loss -1.28472, lr 6.000000e-05.
2025-07-03 18:21:03,790 - root - Valid, epoch 50, loss 1.23022.
2025-07-03 18:41:28,619 - root - Training, epoch 51, loss -1.30000, lr 6.000000e-05.
2025-07-03 18:43:09,752 - root - Valid, epoch 51, loss 1.26136.
2025-07-03 19:03:35,186 - root - Training, epoch 52, loss -1.31609, lr 6.000000e-05.
2025-07-03 19:05:16,067 - root - Valid, epoch 52, loss 1.29614.
2025-07-03 19:25:41,117 - root - Training, epoch 53, loss -1.33077, lr 6.000000e-05.
2025-07-03 19:27:22,069 - root - Valid, epoch 53, loss 1.31768.
2025-07-03 19:47:46,513 - root - Training, epoch 54, loss -1.34479, lr 6.000000e-05.
2025-07-03 19:49:27,184 - root - Valid, epoch 54, loss 1.34540.
2025-07-03 20:09:49,932 - root - Training, epoch 55, loss -1.35968, lr 6.000000e-05.
2025-07-03 20:11:30,478 - root - Valid, epoch 55, loss 1.36829.
2025-07-03 20:31:53,620 - root - Training, epoch 56, loss -1.37357, lr 6.000000e-05.
2025-07-03 20:33:34,327 - root - Valid, epoch 56, loss 1.39502.
2025-07-03 20:53:56,621 - root - Training, epoch 57, loss -1.38750, lr 6.000000e-05.
2025-07-03 20:55:37,170 - root - Valid, epoch 57, loss 1.43894.
2025-07-03 21:15:59,801 - root - Training, epoch 58, loss -1.40106, lr 6.000000e-05.
2025-07-03 21:17:40,438 - root - Valid, epoch 58, loss 1.45744.
2025-07-03 21:38:03,933 - root - Training, epoch 59, loss -1.41398, lr 6.000000e-05.
2025-07-03 21:39:44,525 - root - Valid, epoch 59, loss 1.49311.
2025-07-03 22:00:07,989 - root - Training, epoch 60, loss -1.42595, lr 6.000000e-05.
2025-07-03 22:01:48,770 - root - Valid, epoch 60, loss 1.51783.
2025-07-03 22:22:13,379 - root - Training, epoch 61, loss -1.43740, lr 6.000000e-05.
2025-07-03 22:23:53,740 - root - Valid, epoch 61, loss 1.55493.
2025-07-03 22:44:16,609 - root - Training, epoch 62, loss -1.45109, lr 6.000000e-05.
2025-07-03 22:45:57,066 - root - Valid, epoch 62, loss 1.58128.
2025-07-03 23:06:19,889 - root - Training, epoch 63, loss -1.46272, lr 6.000000e-05.
2025-07-03 23:07:59,962 - root - Valid, epoch 63, loss 1.61997.
2025-07-03 23:28:23,987 - root - Training, epoch 64, loss -1.47385, lr 6.000000e-05.
2025-07-03 23:30:04,394 - root - Valid, epoch 64, loss 1.62325.
2025-07-03 23:50:27,942 - root - Training, epoch 65, loss -1.48541, lr 6.000000e-05.
2025-07-03 23:52:08,061 - root - Valid, epoch 65, loss 1.66035.
2025-07-04 00:12:31,387 - root - Training, epoch 66, loss -1.49550, lr 6.000000e-05.
2025-07-04 00:14:11,466 - root - Valid, epoch 66, loss 1.67695.
2025-07-04 00:34:37,430 - root - Training, epoch 67, loss -1.50580, lr 6.000000e-05.
2025-07-04 00:36:17,237 - root - Valid, epoch 67, loss 1.70086.
2025-07-04 00:56:41,143 - root - Training, epoch 68, loss -1.51580, lr 6.000000e-05.
2025-07-04 00:58:21,008 - root - Valid, epoch 68, loss 1.72203.
2025-07-04 01:18:46,584 - root - Training, epoch 69, loss -1.52609, lr 6.187639e-05.
2025-07-04 01:20:26,396 - root - Valid, epoch 69, loss 1.76405.
2025-07-04 01:40:51,302 - root - Training, epoch 70, loss -1.53668, lr 7.227254e-05.
2025-07-04 01:42:30,953 - root - Valid, epoch 70, loss 1.79529.
2025-07-04 02:02:56,241 - root - Training, epoch 71, loss -1.54606, lr 8.335803e-05.
2025-07-04 02:04:35,895 - root - Valid, epoch 71, loss 1.81897.
2025-07-04 02:25:00,523 - root - Training, epoch 72, loss -1.55587, lr 9.509931e-05.
2025-07-04 02:26:39,918 - root - Valid, epoch 72, loss 1.85167.
2025-07-04 02:47:05,576 - root - Training, epoch 73, loss -1.56446, lr 1.074608e-04.
2025-07-04 02:48:45,162 - root - Valid, epoch 73, loss 1.85462.
2025-07-04 03:09:15,756 - root - Training, epoch 74, loss -1.57285, lr 1.204052e-04.
2025-07-04 03:10:55,353 - root - Valid, epoch 74, loss 1.89317.
2025-07-04 03:31:23,163 - root - Training, epoch 75, loss -1.58264, lr 1.338932e-04.
2025-07-04 03:33:02,329 - root - Valid, epoch 75, loss 1.91358.
2025-07-04 03:53:30,215 - root - Training, epoch 76, loss -1.59163, lr 1.478840e-04.
2025-07-04 03:55:09,512 - root - Valid, epoch 76, loss 1.94185.
2025-07-04 04:15:39,894 - root - Training, epoch 77, loss -1.60016, lr 1.623353e-04.
2025-07-04 04:17:19,281 - root - Valid, epoch 77, loss 1.95660.
2025-07-04 04:37:48,749 - root - Training, epoch 78, loss -1.61011, lr 1.772032e-04.
2025-07-04 04:39:27,908 - root - Valid, epoch 78, loss 1.97786.
2025-07-04 04:59:56,367 - root - Training, epoch 79, loss -1.61746, lr 1.924430e-04.
2025-07-04 05:01:35,151 - root - Valid, epoch 79, loss 1.99946.
2025-07-04 05:22:03,782 - root - Training, epoch 80, loss -1.62616, lr 2.080082e-04.
2025-07-04 05:23:42,699 - root - Valid, epoch 80, loss 2.05548.
2025-07-04 05:44:09,755 - root - Training, epoch 81, loss -1.63453, lr 2.238520e-04.
2025-07-04 05:45:48,428 - root - Valid, epoch 81, loss 2.03698.
2025-07-04 06:06:15,414 - root - Training, epoch 82, loss -1.64237, lr 2.399262e-04.
2025-07-04 06:07:53,967 - root - Valid, epoch 82, loss 2.08821.
2025-07-04 06:28:23,689 - root - Training, epoch 83, loss -1.65114, lr 2.561823e-04.
2025-07-04 06:30:02,501 - root - Valid, epoch 83, loss 2.10526.
2025-07-04 06:50:30,563 - root - Training, epoch 84, loss -1.65969, lr 2.725711e-04.
2025-07-04 06:52:09,058 - root - Valid, epoch 84, loss 2.08091.
2025-07-04 07:12:38,938 - root - Training, epoch 85, loss -1.66807, lr 2.890429e-04.
2025-07-04 07:14:17,649 - root - Valid, epoch 85, loss 2.11398.
2025-07-04 07:34:46,905 - root - Training, epoch 86, loss -1.67609, lr 3.055478e-04.
2025-07-04 07:36:25,528 - root - Valid, epoch 86, loss 2.10847.
2025-07-04 07:56:53,766 - root - Training, epoch 87, loss -1.68333, lr 3.220359e-04.
2025-07-04 07:58:32,479 - root - Valid, epoch 87, loss 2.15910.
2025-07-04 08:18:59,125 - root - Training, epoch 88, loss -1.69177, lr 3.384574e-04.
2025-07-04 08:20:37,999 - root - Valid, epoch 88, loss 2.17911.
2025-07-04 08:41:07,027 - root - Training, epoch 89, loss -1.69885, lr 3.547624e-04.
2025-07-04 08:42:46,022 - root - Valid, epoch 89, loss 2.18220.
2025-07-04 09:03:16,383 - root - Training, epoch 90, loss -1.70568, lr 3.709017e-04.
2025-07-04 09:04:55,483 - root - Valid, epoch 90, loss 2.17672.
2025-07-04 09:25:20,948 - root - Training, epoch 91, loss -1.71368, lr 3.868263e-04.
2025-07-04 09:26:59,511 - root - Valid, epoch 91, loss 2.18019.
2025-07-04 09:47:22,644 - root - Training, epoch 92, loss -1.72059, lr 4.024881e-04.
2025-07-04 09:49:00,894 - root - Valid, epoch 92, loss 2.23929.
2025-07-04 10:09:22,358 - root - Training, epoch 93, loss -1.72763, lr 4.178397e-04.
2025-07-04 10:11:00,688 - root - Valid, epoch 93, loss 2.21693.
2025-07-04 10:31:22,698 - root - Training, epoch 94, loss -1.73464, lr 4.328345e-04.
2025-07-04 10:33:00,829 - root - Valid, epoch 94, loss 2.20630.
2025-07-04 10:53:28,786 - root - Training, epoch 95, loss -1.74224, lr 4.474273e-04.
2025-07-04 10:55:07,705 - root - Valid, epoch 95, loss 2.24834.
2025-07-04 11:15:31,782 - root - Training, epoch 96, loss -1.75026, lr 4.615738e-04.
2025-07-04 11:17:09,738 - root - Valid, epoch 96, loss 2.22677.
2025-07-04 11:37:29,891 - root - Training, epoch 97, loss -1.75603, lr 4.752312e-04.
2025-07-04 11:39:07,961 - root - Valid, epoch 97, loss 2.25594.
2025-07-04 11:59:28,945 - root - Training, epoch 98, loss -1.76250, lr 4.883581e-04.
2025-07-04 12:01:07,033 - root - Valid, epoch 98, loss 2.17082.
2025-07-04 12:21:28,742 - root - Training, epoch 99, loss -1.76987, lr 5.009149e-04.
2025-07-04 12:23:06,854 - root - Valid, epoch 99, loss 2.26580.
2025-07-04 12:43:29,577 - root - Training, epoch 100, loss -1.77647, lr 5.128636e-04.
2025-07-04 12:45:07,617 - root - Valid, epoch 100, loss 2.26725.
2025-07-04 12:45:11,955 - root - Last epoch: 099, saving model to ./results/baltic-pos-pos_vicinity-10-40-blur-True-False-2-1.0-data_size-725-1200-30-72-embd_size-512-512-128-128-head-8-8-bs-128-lr-0.0006-seqlen-12-120/model.pt
